{"created": 1746524328.7854729, "duration": 40.32389545440674, "exitcode": 1, "root": "C:\\Users\\roshnig\\PycharmProjects\\PythonProjectLearning", "environment": {}, "summary": {"passed": 1, "failed": 2, "total": 3, "collected": 3}, "collectors": [{"nodeid": "", "outcome": "passed", "result": [{"nodeid": "test_day6_day7_final.py", "type": "Module"}]}, {"nodeid": "test_day6_day7_final.py", "outcome": "passed", "result": [{"nodeid": "test_day6_day7_final.py::test_checkout[user0]", "type": "Function", "lineno": 12}, {"nodeid": "test_day6_day7_final.py::test_checkout[user1]", "type": "Function", "lineno": 12}, {"nodeid": "test_day6_day7_final.py::test_checkout[user2]", "type": "Function", "lineno": 12}]}], "tests": [{"nodeid": "test_day6_day7_final.py::test_checkout[user0]", "lineno": 12, "outcome": "passed", "keywords": ["test_checkout[user0]", "parametrize", "pytestmark", "user0", "test_day6_day7_final.py", "PythonProjectLearning", ""], "setup": {"duration": 3.610812099883333, "outcome": "passed"}, "call": {"duration": 6.946231999900192, "outcome": "passed", "stdout": "[{'ProductName': 'Sauce Labs Backpack'}, {'ProductName': 'Sauce Labs Bike Light'}, {'ProductName': 'Sauce Labs Bolt T-Shirt'}, {'ProductName': 'Sauce Labs Fleece Jacket'}]\nSauce Labs Backpack\nSauce Labs Bike Light\nSauce Labs Bolt T-Shirt\nSauce Labs Fleece Jacket\n[{'FirstName': 'John', 'LastName': 'Lisa', 'postal code': 695502}]\n"}, "teardown": {"duration": 0.10061309998854995, "outcome": "passed"}}, {"nodeid": "test_day6_day7_final.py::test_checkout[user1]", "lineno": 12, "outcome": "failed", "keywords": ["test_checkout[user1]", "parametrize", "pytestmark", "user1", "test_day6_day7_final.py", "PythonProjectLearning", ""], "setup": {"duration": 2.269756800029427, "outcome": "passed"}, "call": {"duration": 11.560057100141421, "outcome": "failed", "crash": {"path": "C:\\Users\\roshnig\\PycharmProjects\\PythonProjectLearning\\test_day6_day7_final.py", "lineno": 46, "message": "AssertionError: Locator expected to contain text 'Checkout: Complete!'\nActual value: Checkout: Your Information \nCall log:\n  - LocatorAssertions.to_contain_text with timeout 5000ms\n  -   - waiting for locator(\".title\")\n  -     9 \u00d7 locator resolved to <span class=\"title\" data-test=\"title\">Checkout: Your Information</span>\n  -       - unexpected value \"Checkout: Your Information\""}, "traceback": [{"path": "test_day6_day7_final.py", "lineno": 46, "message": "AssertionError"}], "stdout": "[{'ProductName': 'Sauce Labs Backpack'}, {'ProductName': 'Sauce Labs Bike Light'}, {'ProductName': 'Sauce Labs Bolt T-Shirt'}, {'ProductName': 'Sauce Labs Fleece Jacket'}]\nSauce Labs Backpack\nSauce Labs Bike Light\nSauce Labs Bolt T-Shirt\nSauce Labs Fleece Jacket\n[{'FirstName': 'John', 'LastName': 'Lisa', 'postal code': 695502}]\n", "longrepr": "browse_open_url = <Page url='https://www.saucedemo.com/checkout-step-one.html'>, user = {'password': 'secret_sauce', 'username': 'problem_user'}\n\n    @pytest.mark.parametrize(\"user\",user_credentials)\n    def test_checkout(browse_open_url,user):\n    \n        pm = PageManager(browse_open_url)\n        #login page\n        pm.login_page.login(user[\"username\"],user[\"password\"])\n    \n        # inventory page: adding product to cart\n        product_details= read_csv(\"data/ProductDetails.csv\")\n        print(product_details)\n        for product in product_details:\n            print(product[\"ProductName\"])\n            pm.inventory_page.product_addition(product[\"ProductName\"])\n        time.sleep(2)\n    \n        # click on the shopping cart\n        pm.inventory_page.shopping_cart_click()\n    \n        # cart page\n        pm.cart.shopping_checkout_click()\n    \n        # checkoutStep1 page: filling checkout details\n        data= read_excel(\"data/userDetailsExcel.xlsx\")\n        print(data)\n        for items in data:\n            pm.checkout_one.fill_checkout_step_one(items[\"FirstName\"],items[\"LastName\"],str(items[\"postal code\"]))\n        time.sleep(2)\n        pm.checkout_one.click_continue()\n    \n        # checkout step 2\n        pm.checkout_two.click_finish()\n    \n        #checkoutComplete\n>       expect(pm.checkout_complete.get_title()).to_contain_text(\"Checkout: Complete!\")\nE       AssertionError: Locator expected to contain text 'Checkout: Complete!'\nE       Actual value: Checkout: Your Information \nE       Call log:\nE         - LocatorAssertions.to_contain_text with timeout 5000ms\nE         -   - waiting for locator(\".title\")\nE         -     9 \u00d7 locator resolved to <span class=\"title\" data-test=\"title\">Checkout: Your Information</span>\nE         -       - unexpected value \"Checkout: Your Information\"\n\ntest_day6_day7_final.py:46: AssertionError"}, "teardown": {"duration": 0.09038030006922781, "outcome": "passed"}}, {"nodeid": "test_day6_day7_final.py::test_checkout[user2]", "lineno": 12, "outcome": "failed", "keywords": ["test_checkout[user2]", "parametrize", "pytestmark", "user2", "test_day6_day7_final.py", "PythonProjectLearning", ""], "setup": {"duration": 3.1287448999937624, "outcome": "passed"}, "call": {"duration": 11.553990400163457, "outcome": "failed", "crash": {"path": "C:\\Users\\roshnig\\PycharmProjects\\PythonProjectLearning\\test_day6_day7_final.py", "lineno": 46, "message": "AssertionError: Locator expected to contain text 'Checkout: Complete!'\nActual value: Checkout: Overview \nCall log:\n  - LocatorAssertions.to_contain_text with timeout 5000ms\n  -   - waiting for locator(\".title\")\n  -     9 \u00d7 locator resolved to <span class=\"title\" data-test=\"title\">Checkout: Overview</span>\n  -       - unexpected value \"Checkout: Overview\""}, "traceback": [{"path": "test_day6_day7_final.py", "lineno": 46, "message": "AssertionError"}], "stdout": "[{'ProductName': 'Sauce Labs Backpack'}, {'ProductName': 'Sauce Labs Bike Light'}, {'ProductName': 'Sauce Labs Bolt T-Shirt'}, {'ProductName': 'Sauce Labs Fleece Jacket'}]\nSauce Labs Backpack\nSauce Labs Bike Light\nSauce Labs Bolt T-Shirt\nSauce Labs Fleece Jacket\n[{'FirstName': 'John', 'LastName': 'Lisa', 'postal code': 695502}]\n", "longrepr": "browse_open_url = <Page url='https://www.saucedemo.com/checkout-step-two.html'>, user = {'password': 'secret_sauce', 'username': 'error_user'}\n\n    @pytest.mark.parametrize(\"user\",user_credentials)\n    def test_checkout(browse_open_url,user):\n    \n        pm = PageManager(browse_open_url)\n        #login page\n        pm.login_page.login(user[\"username\"],user[\"password\"])\n    \n        # inventory page: adding product to cart\n        product_details= read_csv(\"data/ProductDetails.csv\")\n        print(product_details)\n        for product in product_details:\n            print(product[\"ProductName\"])\n            pm.inventory_page.product_addition(product[\"ProductName\"])\n        time.sleep(2)\n    \n        # click on the shopping cart\n        pm.inventory_page.shopping_cart_click()\n    \n        # cart page\n        pm.cart.shopping_checkout_click()\n    \n        # checkoutStep1 page: filling checkout details\n        data= read_excel(\"data/userDetailsExcel.xlsx\")\n        print(data)\n        for items in data:\n            pm.checkout_one.fill_checkout_step_one(items[\"FirstName\"],items[\"LastName\"],str(items[\"postal code\"]))\n        time.sleep(2)\n        pm.checkout_one.click_continue()\n    \n        # checkout step 2\n        pm.checkout_two.click_finish()\n    \n        #checkoutComplete\n>       expect(pm.checkout_complete.get_title()).to_contain_text(\"Checkout: Complete!\")\nE       AssertionError: Locator expected to contain text 'Checkout: Complete!'\nE       Actual value: Checkout: Overview \nE       Call log:\nE         - LocatorAssertions.to_contain_text with timeout 5000ms\nE         -   - waiting for locator(\".title\")\nE         -     9 \u00d7 locator resolved to <span class=\"title\" data-test=\"title\">Checkout: Overview</span>\nE         -       - unexpected value \"Checkout: Overview\"\n\ntest_day6_day7_final.py:46: AssertionError"}, "teardown": {"duration": 0.10204149992205203, "outcome": "passed"}}]}